<?xml version="1.0" encoding="UTF-8"?>
<testsuite name="ru.netology.data.AppDeliveryTest" tests="1" skipped="0" failures="0" errors="0" timestamp="2022-11-27T14:47:43" hostname="DESKTOP-FH871LF" time="4.046">
  <properties/>
  <testcase name="ShouldSubmitRequest()" classname="ru.netology.data.AppDeliveryTest" time="4.046"/>
  <system-out><![CDATA[]]></system-out>
  <system-err><![CDATA[Starting ChromeDriver 107.0.5304.62 (1eec40d3a5764881c92085aaee66d25075c159aa-refs/branch-heads/5304@{#942}) on port 1473
Only local connections are allowed.
Please see https://chromedriver.chromium.org/security-considerations for suggestions on keeping ChromeDriver safe.
ChromeDriver was started successfully.
нояб. 27, 2022 5:47:45 PM org.openqa.selenium.remote.ProtocolHandshake createSession
INFO: Detected dialect: W3C
]]></system-err>
</testsuite>
